======================================================================
🚀 OpenClaw 量化交易平台 v8.0 - 终极版
======================================================================
✅ 应用启动成功

🌐 新端口：8000
======================================================================
访问地址: http://localhost:8000
外网地址: http://10.3.0.5:8000
默认账户: admin / admin123
端口: 8000（全新端口）
======================================================================

✨ 核心特性:
  • 全新端口 8000（避免缓存）
  • Session会话管理
  • 不依赖localStorage
  • 不依赖JavaScript
  • 100%浏览器兼容
  • 大字体、清晰界面
======================================================================

💡 技术方案:
  使用Flask Session管理用户状态
  纯HTML表单提交
  服务器端验证和存储
  彻底解决所有登录问题
  新端口避免浏览器缓存
======================================================================
 * Serving Flask app 'final_app'
 * Debug mode: off
WARNING: This is a development server. Do not use it in a production deployment. Use a production WSGI server instead.
 * Running on all addresses (0.0.0.0)
 * Running on http://127.0.0.1:8000
 * Running on http://10.3.0.5:8000
Press CTRL+C to quit
127.0.0.1 - - [02/Mar/2026 14:44:48] "GET / HTTP/1.1" 200 -
127.0.0.1 - - [02/Mar/2026 14:48:59] "GET / HTTP/1.1" 200 -
127.0.0.1 - - [02/Mar/2026 15:13:37] "GET / HTTP/1.1" 200 -
