======================================================================
🚀 OpenClaw 量化交易平台 v9.0 - 最终解决版
======================================================================
✅ 应用启动成功

🌐 80标准HTTP端口
======================================================================
访问地址: http://localhost
外网地址: http://43.160.233.168
端口: 80（标准HTTP）
默认账户: admin / admin123
======================================================================

✨ 核心特性:
  • 80标准HTTP端口（任何地方都能访问）
  • Session会话管理
  • 不依赖localStorage
  • 不依赖JavaScript
  • 100%浏览器兼容
  • 超大字体、清晰界面
======================================================================

💡 技术方案:
  使用Flask Session管理用户状态
  纯HTML表单提交
  服务器端验证和存储
  80标准HTTP端口（无需特殊配置）
  彻底解决所有访问和登录问题
======================================================================

⚠️  端口80检查失败（错误代码: 111），直接启动...
======================================================================
 * Serving Flask app 'final_solution'
 * Debug mode: off
WARNING: This is a development server. Do not use it in a production deployment. Use a production WSGI server instead.
 * Running on all addresses (0.0.0.0)
 * Running on http://127.0.0.1:80
 * Running on http://10.3.0.5:80
Press CTRL+C to quit
