✅ Tushare Token 配置成功
✅ 加载缓存: 5470 只股票
============================================================
🔄 开始更新数据...
============================================================
🔄 使用 Tushare 数据源...
⚠️ Tushare 返回空数据
⚠️ Tushare失败，使用缓存数据
============================================================
🔄 开始更新数据...
============================================================
🔄 使用 Tushare 数据源...
✅ 后台更新线程已启动，更新间隔: 300秒
 * Serving Flask app 'real_data_app'
 * Debug mode: off
WARNING: This is a development server. Do not use it in a production deployment. Use a production WSGI server instead.
 * Running on all addresses (0.0.0.0)
 * Running on http://127.0.0.1:80
 * Running on http://10.3.0.5:80
Press CTRL+C to quit
