ℹ️  无缓存，使用模拟数据
🔄 开始更新数据...
✅ 后台更新线程已启动，更新间隔: 300秒

======================================================================
🚀 OpenClaw 统一量化交易平台 v5.2 - 混合数据源版本
======================================================================

✅ 特性:
  • 多数据源（AKShare + 本地缓存 + 模拟数据）
  • 自动降级（真实数据失败时使用模拟数据）
  • 毫秒级响应
  • 明确标识数据来源

💡 数据源:
  • AKShare（真实数据，如果网络可用）
  • 本地缓存（历史数据）
  • 模拟数据（后备方案）

⚠️  如果显示"模拟数据"：
  • 说明真实数据加载失败（网络问题）
  • 后台会自动重试
  • 等待几分钟后可能会自动切换到真实数据

======================================================================

🌐 应用启动中...
访问地址: http://localhost:7000
默认账户: admin / admin123

======================================================================
    
 * Serving Flask app 'robust_app'
 * Debug mode: off
WARNING: This is a development server. Do not use it in a production deployment. Use a production WSGI server instead.
 * Running on all addresses (0.0.0.0)
 * Running on http://127.0.0.1:7000
 * Running on http://10.3.0.5:7000
Press CTRL+C to quit
127.0.0.1 - - [02/Mar/2026 18:14:24] "GET /health HTTP/1.1" 200 -
43.160.233.168 - - [02/Mar/2026 18:14:31] "GET /health HTTP/1.1" 200 -
