======================================================================
🚀 OpenClaw 量化交易平台 v6.0 - 极简版
======================================================================
✅ 应用启动成功

🌐 测试环境启动
======================================================================
访问地址: http://localhost:7000
默认账户: admin / admin123
端口: 7000
======================================================================

✨ 特点:
  • 纯HTML，无需JavaScript
  • 极简设计，100%可用
  • 服务器端验证，安全可靠
  • 即时响应，无需等待
======================================================================
 * Serving Flask app 'simple_app'
 * Debug mode: off
WARNING: This is a development server. Do not use it in a production deployment. Use a production WSGI server instead.
 * Running on all addresses (0.0.0.0)
 * Running on http://127.0.0.1:7000
 * Running on http://10.3.0.5:7000
Press CTRL+C to quit
127.0.0.1 - - [02/Mar/2026 14:22:50] "GET / HTTP/1.1" 200 -
127.0.0.1 - - [02/Mar/2026 14:23:03] "POST /login HTTP/1.1" 200 -
