======================================================================
🚀 OpenClaw 量化交易平台 v7.0 - 最终版
======================================================================
✅ 应用启动成功

🌐 Session会话管理
======================================================================
访问地址: http://localhost:7000
默认账户: admin / admin123
端口: 7000
======================================================================

✨ 核心特性:
  • Session会话管理（服务器端）
  • 不依赖localStorage
  • 不依赖JavaScript
  • 100%浏览器兼容
  • 即时响应，无需等待
======================================================================

💡 技术方案:
  使用Flask Session管理用户状态
  纯HTML表单提交
  服务器端验证和存储
  彻底解决所有登录问题
======================================================================
 * Serving Flask app 'ultimate_app'
 * Debug mode: off
WARNING: This is a development server. Do not use it in a production deployment. Use a production WSGI server instead.
 * Running on all addresses (0.0.0.0)
 * Running on http://127.0.0.1:7000
 * Running on http://10.3.0.5:7000
Press CTRL+C to quit
127.0.0.1 - - [02/Mar/2026 14:37:44] "POST /login HTTP/1.1" 200 -
127.0.0.1 - - [02/Mar/2026 14:48:46] "GET / HTTP/1.1" 200 -
